# This will contain the output
:ivl_version "0.9.7 " "(v0_9_6)";
:vpi_time_precision + 0;
:vpi_module "system";
:vpi_module "v2005_math";
:vpi_module "va_math";
S_0xb961f0 .scope module, "srff_tb" "srff_tb" 2 3;
 .timescale 0 0;
v0xba7d20_0 .net "Q", 0 0, v0xb72520_0; 1 drivers
v0xba7df0_0 .net "Qbar", 0 0, v0xba7a90_0; 1 drivers
v0xba7ea0_0 .var "R", 0 0;
v0xba7f50_0 .var "S", 0 0;
v0xba8030_0 .var "clk", 0 0;
S_0xb962e0 .scope module, "sr1" "SRFF" 2 6, 3 3, S_0xb961f0;
 .timescale 0 0;
v0xb72520_0 .var "Q", 0 0;
v0xba7a90_0 .var "Qbar", 0 0;
v0xba7b30_0 .net "R", 0 0, v0xba7ea0_0; 1 drivers
v0xba7bd0_0 .net "S", 0 0, v0xba7f50_0; 1 drivers
v0xba7c80_0 .net "clk", 0 0, v0xba8030_0; 1 drivers
E_0xb94430 .event posedge, v0xba7c80_0;
    .scope S_0xb962e0;
T_0 ;
    %wait E_0xb94430;
    %load/v 8, v0xba7bd0_0, 1;
    %mov 9, 0, 2;
    %cmpi/u 8, 1, 3;
    %jmp/0xz  T_0.0, 4;
    %ix/load 0, 1, 0;
    %assign/v0 v0xb72520_0, 0, 1;
    %ix/load 0, 1, 0;
    %assign/v0 v0xba7a90_0, 0, 0;
    %jmp T_0.1;
T_0.0 ;
    %load/v 8, v0xba7b30_0, 1;
    %mov 9, 0, 2;
    %cmpi/u 8, 1, 3;
    %jmp/0xz  T_0.2, 4;
    %ix/load 0, 1, 0;
    %assign/v0 v0xb72520_0, 0, 0;
    %ix/load 0, 1, 0;
    %assign/v0 v0xba7a90_0, 0, 1;
    %jmp T_0.3;
T_0.2 ;
    %load/v 8, v0xba7bd0_0, 1;
    %mov 9, 0, 1;
    %cmpi/u 8, 0, 2;
    %mov 8, 4, 1;
    %load/v 9, v0xba7b30_0, 1;
    %mov 10, 0, 1;
    %cmpi/u 9, 0, 2;
    %mov 9, 4, 1;
    %and 8, 9, 1;
    %jmp/0xz  T_0.4, 8;
    %load/v 8, v0xb72520_0, 1;
    %ix/load 0, 1, 0;
    %assign/v0 v0xb72520_0, 0, 8;
    %load/v 8, v0xba7a90_0, 1;
    %ix/load 0, 1, 0;
    %assign/v0 v0xba7a90_0, 0, 8;
T_0.4 ;
T_0.3 ;
T_0.1 ;
    %jmp T_0;
    .thread T_0;
    .scope S_0xb961f0;
T_1 ;
    %set/v v0xba8030_0, 0, 1;
    %movi 8, 50, 7;
T_1.0 %cmp/s 0, 8, 7;
    %jmp/0xz T_1.1, 5;
    %add 8, 1, 7;
    %delay 1, 0;
    %load/v 15, v0xba8030_0, 1;
    %inv 15, 1;
    %set/v v0xba8030_0, 15, 1;
    %jmp T_1.0;
T_1.1 ;
    %end;
    .thread T_1;
    .scope S_0xb961f0;
T_2 ;
    %vpi_call 2 15 "$dumpfile", "dump.vcd";
    %vpi_call 2 16 "$dumpvars", 2'sb01;
    %set/v v0xba7f50_0, 1, 1;
    %set/v v0xba7ea0_0, 0, 1;
    %delay 10, 0;
    %set/v v0xba7f50_0, 0, 1;
    %set/v v0xba7ea0_0, 0, 1;
    %delay 10, 0;
    %set/v v0xba7f50_0, 0, 1;
    %set/v v0xba7ea0_0, 1, 1;
    %delay 10, 0;
    %set/v v0xba7f50_0, 0, 1;
    %set/v v0xba7ea0_0, 0, 1;
    %end;
    .thread T_2;
# The file index is used to find the file name in the following table.
:file_names 4;
    "N/A";
    "<interactive>";
    "testbench.sv";
    "design.sv";
